1623637697944	geckodriver	INFO	Listening on 127.0.0.1:57273
1623637701018	mozrunner::runner	INFO	Running command: "C:\\Program Files\\Mozilla Firefox\\firefox.exe" "--marionette" "-foreground" "-no-remote" "-profile" "C:\\Users\\user\\AppData\\Local\\Temp\\rust_mozprofileNnLplH"
1623637702232	Marionette	INFO	Marionette enabled
console.warn: SearchSettings: "get: No settings file exists, new profile?" (new NotFoundError("Could not open the file at C:\\Users\\user\\AppData\\Local\\Temp\\rust_mozprofileNnLplH\\search.json.mozlz4", (void 0)))
[Parent 17680, IPC I/O Parent] WARNING: file /builds/worker/checkouts/gecko/ipc/chromium/src/base/process_util_win.cc:167
1623637706522	Marionette	INFO	Listening on port 57282
1623637706898	Marionette	WARN	TLS certificate errors will be ignored for this session
[Parent 17680, IPC I/O Parent] WARNING: file /builds/worker/checkouts/gecko/ipc/chromium/src/base/process_util_win.cc:167
IPDL protocol error: Handler returned error code!

###!!! [Parent][DispatchAsyncMessage] Error: PMessagePort::Msg_PostMessages Processing error: message was deserialized, but the handler returned false (indicating failure)

IPDL protocol error: Handler returned error code!

###!!! [Parent][DispatchAsyncMessage] Error: PMessagePort::Msg_PostMessages Processing error: message was deserialized, but the handler returned false (indicating failure)

JavaScript error: https://static.okccdn.com/builds/desktop/js/main.91f55d04ae3a5723ec03.min.js, line 2: Error: Failed to load script: https://jssdkcdns.mparticle.com/js/v2/a8c837bced3bf546b6bfcad20f81ccb0/mparticle.js
JavaScript error: https://static.okccdn.com/builds/desktop/js/main.91f55d04ae3a5723ec03.min.js, line 2: Error: Failed to load script: https://jssdkcdns.mparticle.com/js/v2/a8c837bced3bf546b6bfcad20f81ccb0/mparticle.js
1623637723902	Marionette	INFO	Stopped listening on port 57282

###!!! [Child][RunMessage] Error: Channel closing: too late to send/recv, messages will be lost

1623640314152	geckodriver	INFO	Listening on 127.0.0.1:53069
1623640317205	mozrunner::runner	INFO	Running command: "C:\\Program Files\\Mozilla Firefox\\firefox.exe" "--marionette" "-foreground" "-no-remote" "-profile" "C:\\Users\\user\\AppData\\Local\\Temp\\rust_mozprofilegkIwV3"
1623640317876	Marionette	INFO	Marionette enabled
console.warn: SearchSettings: "get: No settings file exists, new profile?" (new NotFoundError("Could not open the file at C:\\Users\\user\\AppData\\Local\\Temp\\rust_mozprofilegkIwV3\\search.json.mozlz4", (void 0)))
1623640320480	Marionette	INFO	Listening on port 53077
1623640320936	Marionette	WARN	TLS certificate errors will be ignored for this session
JavaScript error: https://static.okccdn.com/builds/desktop/js/main.91f55d04ae3a5723ec03.min.js, line 2: Error: Failed to load script: https://jssdkcdns.mparticle.com/js/v2/a8c837bced3bf546b6bfcad20f81ccb0/mparticle.js
1623640342098	Marionette	INFO	Stopped listening on port 53077

###!!! [Child][RunMessage] Error: Channel closing: too late to send/recv, messages will be lost

1623640865222	geckodriver	INFO	Listening on 127.0.0.1:53026
1623640868302	mozrunner::runner	INFO	Running command: "C:\\Program Files\\Mozilla Firefox\\firefox.exe" "--marionette" "-foreground" "-no-remote" "-profile" "C:\\Users\\user\\AppData\\Local\\Temp\\rust_mozprofilegTxvBJ"
1623640868906	Marionette	INFO	Marionette enabled
console.warn: SearchSettings: "get: No settings file exists, new profile?" (new NotFoundError("Could not open the file at C:\\Users\\user\\AppData\\Local\\Temp\\rust_mozprofilegTxvBJ\\search.json.mozlz4", (void 0)))
1623640871440	Marionette	INFO	Listening on port 53034
1623640871492	Marionette	WARN	TLS certificate errors will be ignored for this session
1623640893413	Marionette	WARN	TimedPromise timed out after 500 ms: stacktrace:
TimedPromise/<@chrome://marionette/content/sync.js:237:19
TimedPromise@chrome://marionette/content/sync.js:222:10
interaction.flushEventLoop@chrome://marionette/content/interaction.js:431:10
webdriverClickElement@chrome://marionette/content/interaction.js:179:31
1623640896063	Marionette	WARN	TimedPromise timed out after 500 ms: stacktrace:
TimedPromise/<@chrome://marionette/content/sync.js:237:19
TimedPromise@chrome://marionette/content/sync.js:222:10
interaction.flushEventLoop@chrome://marionette/content/interaction.js:431:10
webdriverClickElement@chrome://marionette/content/interaction.js:179:31
1623640897337	Marionette	WARN	TimedPromise timed out after 500 ms: stacktrace:
TimedPromise/<@chrome://marionette/content/sync.js:237:19
TimedPromise@chrome://marionette/content/sync.js:222:10
interaction.flushEventLoop@chrome://marionette/content/interaction.js:431:10
webdriverClickElement@chrome://marionette/content/interaction.js:179:31
1623640898598	Marionette	WARN	TimedPromise timed out after 500 ms: stacktrace:
TimedPromise/<@chrome://marionette/content/sync.js:237:19
TimedPromise@chrome://marionette/content/sync.js:222:10
interaction.flushEventLoop@chrome://marionette/content/interaction.js:431:10
webdriverClickElement@chrome://marionette/content/interaction.js:179:31
1623640899863	Marionette	WARN	TimedPromise timed out after 500 ms: stacktrace:
TimedPromise/<@chrome://marionette/content/sync.js:237:19
TimedPromise@chrome://marionette/content/sync.js:222:10
interaction.flushEventLoop@chrome://marionette/content/interaction.js:431:10
webdriverClickElement@chrome://marionette/content/interaction.js:179:31
1623640901154	Marionette	WARN	TimedPromise timed out after 500 ms: stacktrace:
TimedPromise/<@chrome://marionette/content/sync.js:237:19
TimedPromise@chrome://marionette/content/sync.js:222:10
interaction.flushEventLoop@chrome://marionette/content/interaction.js:431:10
webdriverClickElement@chrome://marionette/content/interaction.js:179:31
Extension error: TypeError: chrome.extension.sendMessage is not a function moz-extension://6779e32b-f17d-4193-87f0-92c6c869f6d0/devtools/devtools.js 27
[[Exception stack
handleShown@moz-extension://6779e32b-f17d-4193-87f0-92c6c869f6d0/devtools/devtools.js:27:20
Current stack
applySafeWithoutClone@resource://gre/modules/ExtensionCommon.jsm:627:13
addListener/asyncWithoutClone/<@resource://gre/modules/ExtensionCommon.jsm:2438:39
]]
WARNING: content window passed to PrivateBrowsingUtils.isWindowPrivate. Use isContentWindowPrivate instead (but only for frame scripts).
pbu_isWindowPrivate@resource://gre/modules/PrivateBrowsingUtils.jsm:27:11
isBrowserPrivate@resource://gre/modules/PrivateBrowsingUtils.jsm:47:19
loadURI@resource://gre/modules/RemoteWebNavigation.jsm:88:51
loadURI/<@chrome://global/content/elements/browser-custom-element.js:835:28
_wrapURIChangeCall@chrome://global/content/elements/browser-custom-element.js:766:9
loadURI@chrome://global/content/elements/browser-custom-element.js:834:12
createBrowserElement@chrome://browser/content/parent/ext-devtools-panels.js:88:18
Extension error: TypeError: allNode is undefined moz-extension://6779e32b-f17d-4193-87f0-92c6c869f6d0/devtools/devtools-script.js 104
[[Exception stack
showAllMatchingNode@moz-extension://6779e32b-f17d-4193-87f0-92c6c869f6d0/devtools/devtools-script.js:104:23
@moz-extension://6779e32b-f17d-4193-87f0-92c6c869f6d0/devtools/devtools-script.js:266:32
Current stack
applySafeWithoutClone@resource://gre/modules/ExtensionCommon.jsm:627:13
addListener/asyncWithoutClone/<@resource://gre/modules/ExtensionCommon.jsm:2438:39
]]
Extension error: TypeError: allNode is undefined moz-extension://6779e32b-f17d-4193-87f0-92c6c869f6d0/devtools/devtools-script.js 104
[[Exception stack
showAllMatchingNode@moz-extension://6779e32b-f17d-4193-87f0-92c6c869f6d0/devtools/devtools-script.js:104:23
@moz-extension://6779e32b-f17d-4193-87f0-92c6c869f6d0/devtools/devtools-script.js:266:32
Current stack
applySafeWithoutClone@resource://gre/modules/ExtensionCommon.jsm:627:13
addListener/asyncWithoutClone/<@resource://gre/modules/ExtensionCommon.jsm:2438:39
]]
Extension error: TypeError: allNode is undefined moz-extension://6779e32b-f17d-4193-87f0-92c6c869f6d0/devtools/devtools-script.js 104
[[Exception stack
showAllMatchingNode@moz-extension://6779e32b-f17d-4193-87f0-92c6c869f6d0/devtools/devtools-script.js:104:23
@moz-extension://6779e32b-f17d-4193-87f0-92c6c869f6d0/devtools/devtools-script.js:266:32
Current stack
applySafeWithoutClone@resource://gre/modules/ExtensionCommon.jsm:627:13
addListener/asyncWithoutClone/<@resource://gre/modules/ExtensionCommon.jsm:2438:39
]]
Extension error: TypeError: allNode is undefined moz-extension://6779e32b-f17d-4193-87f0-92c6c869f6d0/devtools/devtools-script.js 104
[[Exception stack
showAllMatchingNode@moz-extension://6779e32b-f17d-4193-87f0-92c6c869f6d0/devtools/devtools-script.js:104:23
@moz-extension://6779e32b-f17d-4193-87f0-92c6c869f6d0/devtools/devtools-script.js:266:32
Current stack
applySafeWithoutClone@resource://gre/modules/ExtensionCommon.jsm:627:13
addListener/asyncWithoutClone/<@resource://gre/modules/ExtensionCommon.jsm:2438:39
]]
Extension error: TypeError: allNode is undefined moz-extension://6779e32b-f17d-4193-87f0-92c6c869f6d0/devtools/devtools-script.js 104
[[Exception stack
showAllMatchingNode@moz-extension://6779e32b-f17d-4193-87f0-92c6c869f6d0/devtools/devtools-script.js:104:23
@moz-extension://6779e32b-f17d-4193-87f0-92c6c869f6d0/devtools/devtools-script.js:266:32
Current stack
applySafeWithoutClone@resource://gre/modules/ExtensionCommon.jsm:627:13
addListener/asyncWithoutClone/<@resource://gre/modules/ExtensionCommon.jsm:2438:39
]]
Extension error: TypeError: allNode is undefined moz-extension://6779e32b-f17d-4193-87f0-92c6c869f6d0/devtools/devtools-script.js 104
[[Exception stack
showAllMatchingNode@moz-extension://6779e32b-f17d-4193-87f0-92c6c869f6d0/devtools/devtools-script.js:104:23
@moz-extension://6779e32b-f17d-4193-87f0-92c6c869f6d0/devtools/devtools-script.js:266:32
Current stack
applySafeWithoutClone@resource://gre/modules/ExtensionCommon.jsm:627:13
addListener/asyncWithoutClone/<@resource://gre/modules/ExtensionCommon.jsm:2438:39
]]
Extension error: TypeError: allNode is undefined moz-extension://6779e32b-f17d-4193-87f0-92c6c869f6d0/devtools/devtools-script.js 104
[[Exception stack
showAllMatchingNode@moz-extension://6779e32b-f17d-4193-87f0-92c6c869f6d0/devtools/devtools-script.js:104:23
@moz-extension://6779e32b-f17d-4193-87f0-92c6c869f6d0/devtools/devtools-script.js:266:32
Current stack
applySafeWithoutClone@resource://gre/modules/ExtensionCommon.jsm:627:13
addListener/asyncWithoutClone/<@resource://gre/modules/ExtensionCommon.jsm:2438:39
]]
JavaScript error: moz-extension://6779e32b-f17d-4193-87f0-92c6c869f6d0/extension/background.js, line 54: Error: Promised response from onMessage listener went out of scope
JavaScript error: moz-extension://6779e32b-f17d-4193-87f0-92c6c869f6d0/extension/background.js, line 54: Error: Promised response from onMessage listener went out of scope
JavaScript error: moz-extension://6779e32b-f17d-4193-87f0-92c6c869f6d0/extension/background.js, line 54: Error: Promised response from onMessage listener went out of scope
JavaScript error: moz-extension://6779e32b-f17d-4193-87f0-92c6c869f6d0/extension/background.js, line 54: Error: Promised response from onMessage listener went out of scope
JavaScript error: moz-extension://6779e32b-f17d-4193-87f0-92c6c869f6d0/extension/background.js, line 54: Error: Promised response from onMessage listener went out of scope
JavaScript error: moz-extension://6779e32b-f17d-4193-87f0-92c6c869f6d0/extension/background.js, line 54: Error: Promised response from onMessage listener went out of scope
JavaScript error: moz-extension://6779e32b-f17d-4193-87f0-92c6c869f6d0/extension/background.js, line 54: Error: Promised response from onMessage listener went out of scope
JavaScript error: moz-extension://6779e32b-f17d-4193-87f0-92c6c869f6d0/extension/background.js, line 54: Error: Promised response from onMessage listener went out of scope
JavaScript error: moz-extension://6779e32b-f17d-4193-87f0-92c6c869f6d0/extension/background.js, line 54: Error: Promised response from onMessage listener went out of scope
JavaScript error: moz-extension://6779e32b-f17d-4193-87f0-92c6c869f6d0/extension/background.js, line 54: Error: Promised response from onMessage listener went out of scope
JavaScript error: moz-extension://6779e32b-f17d-4193-87f0-92c6c869f6d0/extension/background.js, line 54: Error: Promised response from onMessage listener went out of scope
JavaScript error: moz-extension://6779e32b-f17d-4193-87f0-92c6c869f6d0/extension/background.js, line 54: Error: Promised response from onMessage listener went out of scope
JavaScript error: moz-extension://6779e32b-f17d-4193-87f0-92c6c869f6d0/extension/background.js, line 54: Error: Promised response from onMessage listener went out of scope
JavaScript error: moz-extension://6779e32b-f17d-4193-87f0-92c6c869f6d0/extension/background.js, line 54: Error: Promised response from onMessage listener went out of scope
JavaScript error: moz-extension://6779e32b-f17d-4193-87f0-92c6c869f6d0/extension/background.js, line 54: Error: Promised response from onMessage listener went out of scope
JavaScript error: moz-extension://6779e32b-f17d-4193-87f0-92c6c869f6d0/extension/background.js, line 54: Error: Promised response from onMessage listener went out of scope
JavaScript error: moz-extension://6779e32b-f17d-4193-87f0-92c6c869f6d0/extension/background.js, line 54: Error: Promised response from onMessage listener went out of scope
JavaScript error: moz-extension://6779e32b-f17d-4193-87f0-92c6c869f6d0/extension/background.js, line 54: Error: Promised response from onMessage listener went out of scope
JavaScript error: moz-extension://6779e32b-f17d-4193-87f0-92c6c869f6d0/extension/background.js, line 54: Error: Promised response from onMessage listener went out of scope
JavaScript error: moz-extension://6779e32b-f17d-4193-87f0-92c6c869f6d0/extension/background.js, line 54: Error: Promised response from onMessage listener went out of scope
JavaScript error: moz-extension://6779e32b-f17d-4193-87f0-92c6c869f6d0/extension/background.js, line 54: Error: Promised response from onMessage listener went out of scope
JavaScript error: moz-extension://6779e32b-f17d-4193-87f0-92c6c869f6d0/extension/background.js, line 54: Error: Promised response from onMessage listener went out of scope
JavaScript error: moz-extension://6779e32b-f17d-4193-87f0-92c6c869f6d0/extension/background.js, line 54: Error: Promised response from onMessage listener went out of scope
JavaScript error: moz-extension://6779e32b-f17d-4193-87f0-92c6c869f6d0/extension/background.js, line 54: Error: Promised response from onMessage listener went out of scope
JavaScript error: moz-extension://6779e32b-f17d-4193-87f0-92c6c869f6d0/extension/background.js, line 54: Error: Promised response from onMessage listener went out of scope
JavaScript error: moz-extension://6779e32b-f17d-4193-87f0-92c6c869f6d0/extension/background.js, line 54: Error: Promised response from onMessage listener went out of scope
JavaScript error: moz-extension://6779e32b-f17d-4193-87f0-92c6c869f6d0/extension/background.js, line 54: Error: Promised response from onMessage listener went out of scope
JavaScript error: moz-extension://6779e32b-f17d-4193-87f0-92c6c869f6d0/extension/background.js, line 54: Error: Promised response from onMessage listener went out of scope
1623643457887	geckodriver	INFO	Listening on 127.0.0.1:50002
1623643460922	mozrunner::runner	INFO	Running command: "C:\\Program Files\\Mozilla Firefox\\firefox.exe" "--marionette" "-foreground" "-no-remote" "-profile" "C:\\Users\\user\\AppData\\Local\\Temp\\rust_mozprofileUtkIZg"
1623643461415	Marionette	INFO	Marionette enabled
console.warn: SearchSettings: "get: No settings file exists, new profile?" (new NotFoundError("Could not open the file at C:\\Users\\user\\AppData\\Local\\Temp\\rust_mozprofileUtkIZg\\search.json.mozlz4", (void 0)))
1623643463640	Marionette	INFO	Listening on port 50010
1623643464129	Marionette	WARN	TLS certificate errors will be ignored for this session
JavaScript error: https://static.okccdn.com/builds/desktop/js/main.91f55d04ae3a5723ec03.min.js, line 2: Error: NetworkError when attempting to fetch resource.
JavaScript error: https://static.okccdn.com/builds/desktop/js/main.91f55d04ae3a5723ec03.min.js, line 2: Error: NetworkError when attempting to fetch resource.
JavaScript error: https://static.okccdn.com/builds/desktop/js/main.91f55d04ae3a5723ec03.min.js, line 2: Error: Failed to load script: https://jssdkcdns.mparticle.com/js/v2/a8c837bced3bf546b6bfcad20f81ccb0/mparticle.js
JavaScript error: , line 0: TypeError: NetworkError when attempting to fetch resource.
JavaScript error: https://static.okccdn.com/builds/desktop/js/main.91f55d04ae3a5723ec03.min.js, line 2: Error: Failed to load script: https://jssdkcdns.mparticle.com/js/v2/a8c837bced3bf546b6bfcad20f81ccb0/mparticle.js
1623643485233	Marionette	INFO	Stopped listening on port 50010

###!!! [Child][RunMessage] Error: Channel closing: too late to send/recv, messages will be lost

1623643920559	geckodriver	INFO	Listening on 127.0.0.1:50212
1623643923632	mozrunner::runner	INFO	Running command: "C:\\Program Files\\Mozilla Firefox\\firefox.exe" "--marionette" "-foreground" "-no-remote" "-profile" "C:\\Users\\user\\AppData\\Local\\Temp\\rust_mozprofilesYl17r"
1623643924132	Marionette	INFO	Marionette enabled
console.warn: SearchSettings: "get: No settings file exists, new profile?" (new NotFoundError("Could not open the file at C:\\Users\\user\\AppData\\Local\\Temp\\rust_mozprofilesYl17r\\search.json.mozlz4", (void 0)))
1623643926322	Marionette	INFO	Listening on port 50220
1623643926830	Marionette	WARN	TLS certificate errors will be ignored for this session
JavaScript error: https://static.okccdn.com/builds/desktop/js/main.91f55d04ae3a5723ec03.min.js, line 2: Error: Failed to load script: https://jssdkcdns.mparticle.com/js/v2/a8c837bced3bf546b6bfcad20f81ccb0/mparticle.js
JavaScript error: https://static.okccdn.com/builds/desktop/js/main.91f55d04ae3a5723ec03.min.js, line 2: Error: Failed to load script: https://jssdkcdns.mparticle.com/js/v2/a8c837bced3bf546b6bfcad20f81ccb0/mparticle.js
JavaScript error: https://static.okccdn.com/builds/desktop/js/main.91f55d04ae3a5723ec03.min.js, line 2: NS_ERROR_NOT_INITIALIZED: 
1623643941281	Marionette	INFO	Stopped listening on port 50220

###!!! [Child][RunMessage] Error: Channel closing: too late to send/recv, messages will be lost

